<?xml version="1.0" encoding="UTF-8"?>
<!-- Generated by org.testng.reporters.JUnitReportReporter -->
<testsuite hostname="DESKTOP-AAIO3JI" failures="0" tests="1" name="testcases.verifyfootertests" time="64.378" errors="0" timestamp="2023-03-23T13:12:19 IST" skipped="0">
  <testcase classname="testcases.verifyfootertests" name="footer" time="64.378"/>
  <system-out/>
</testsuite> <!-- testcases.verifyfootertests -->
