<?xml version="1.0" encoding="UTF-8"?>
<!-- Generated by org.testng.reporters.JUnitReportReporter -->
<testsuite hostname="DESKTOP-AAIO3JI" failures="0" tests="1" name="testcases.verifymenubar" time="17.845" errors="0" timestamp="2023-03-06T16:25:30 IST" skipped="0">
  <testcase classname="testcases.verifymenubar" name="menu" time="17.845"/>
  <system-out/>
</testsuite> <!-- testcases.verifymenubar -->
