<?xml version="1.0" encoding="UTF-8"?>
<!-- Generated by org.testng.reporters.JUnitReportReporter -->
<testsuite hostname="DESKTOP-AAIO3JI" failures="0" tests="1" name="testcases.verifyfootertests" time="13.535" errors="0" timestamp="2023-03-09T16:46:52 IST" skipped="0">
  <testcase classname="testcases.verifyfootertests" name="footer" time="13.535"/>
  <system-out/>
</testsuite> <!-- testcases.verifyfootertests -->
