<?xml version="1.0" encoding="UTF-8"?>
<!-- Generated by org.testng.reporters.JUnitReportReporter -->
<testsuite hostname="DESKTOP-AAIO3JI" failures="0" tests="2" name="testcases.logintestcase" time="47.176" errors="0" timestamp="2023-03-23T13:12:19 IST" skipped="0">
  <testcase classname="testcases.logintestcase" name="login" time="25.295"/>
  <system-out/>
  <testcase classname="testcases.logintestcase" name="login" time="21.881"/>
  <system-out/>
</testsuite> <!-- testcases.logintestcase -->
