<?xml version="1.0" encoding="UTF-8"?>
<!-- Generated by org.testng.reporters.JUnitReportReporter -->
<testsuite hostname="DESKTOP-AAIO3JI" failures="0" tests="1" name="testcases.menubartestcase" time="26.923" errors="0" timestamp="2023-03-23T13:12:19 IST" skipped="0">
  <testcase classname="testcases.menubartestcase" name="menubar" time="26.923"/>
  <system-out/>
</testsuite> <!-- testcases.menubartestcase -->
