<?xml version="1.0" encoding="UTF-8"?>
<!-- Generated by org.testng.reporters.JUnitReportReporter -->
<testsuite hostname="DESKTOP-AAIO3JI" failures="0" tests="1" name="testcases.verifymenubarandaddcart" time="21.826" errors="0" timestamp="2023-03-09T16:46:52 IST" skipped="0">
  <testcase classname="testcases.verifymenubarandaddcart" name="menu" time="21.826"/>
  <system-out/>
</testsuite> <!-- testcases.verifymenubarandaddcart -->
